<?xml version="1.0" encoding="UTF-8"?>
<testsuite name="ProductTest" tests="1" skipped="0" failures="0" errors="0" timestamp="2020-05-17T15:40:06" hostname="ASRHQV014" time="0.004">
  <properties/>
  <testcase name="data copy function is shallow" classname="ProductTest" time="0.004"/>
  <system-out><![CDATA[]]></system-out>
  <system-err><![CDATA[]]></system-err>
</testsuite>
